   1               		.file	"Device_AVR8.c"
   2               	__SREG__ = 0x3f
   3               	__SP_H__ = 0x3e
   4               	__SP_L__ = 0x3d
   5               	__CCP__  = 0x34
   6               	__tmp_reg__ = 0
   7               	__zero_reg__ = 1
   8               		.global __do_copy_data
   9               		.global __do_clear_bss
  17               	.Ltext0:
  18               		.section	.text.USB_Device_SendRemoteWakeup,"ax",@progbits
  19               	.global	USB_Device_SendRemoteWakeup
  21               	USB_Device_SendRemoteWakeup:
  22               	.LFB88:
  23               	.LSM0:
  24               	/* prologue: function */
  25               	/* frame size = 0 */
  26               	.LBB8:
  27               	.LBB9:
  28               	.LSM1:
  29 0000 80E1      		ldi r24,lo8(16)
  30 0002 89BD      		out 73-32,r24
  31               	.LSM2:
  32 0004 82E1      		ldi r24,lo8(18)
  33 0006 89BD      		out 73-32,r24
  34               	.L2:
  35               	.LBE9:
  36               	.LBE8:
  37               	.LSM3:
  38 0008 09B4      		in __tmp_reg__,73-32
  39 000a 00FE      		sbrs __tmp_reg__,0
  40 000c 00C0      		rjmp .L2
  41               	.LBB10:
  42               	.LBB11:
  43               	.LSM4:
  44 000e 8091 D800 		lds r24,216
  45 0012 8F7D      		andi r24,lo8(-33)
  46 0014 8093 D800 		sts 216,r24
  47               	.LBE11:
  48               	.LBE10:
  49               	.LSM5:
  50 0018 8091 E000 		lds r24,224
  51 001c 8260      		ori r24,lo8(2)
  52 001e 8093 E000 		sts 224,r24
  53               	.L3:
  54               	.LSM6:
  55 0022 8091 E000 		lds r24,224
  56 0026 81FD      		sbrc r24,1
  57 0028 00C0      		rjmp .L3
  58               	/* epilogue start */
  59               	.LSM7:
  60 002a 0895      		ret
  61               	.LFE88:
  87               	.Letext0:
DEFINED SYMBOLS
                            *ABS*:00000000 Device_AVR8.c
C:\Users\Ryan\AppData\Local\Temp/cccZo3Ok.s:2      *ABS*:0000003f __SREG__
C:\Users\Ryan\AppData\Local\Temp/cccZo3Ok.s:3      *ABS*:0000003e __SP_H__
C:\Users\Ryan\AppData\Local\Temp/cccZo3Ok.s:4      *ABS*:0000003d __SP_L__
C:\Users\Ryan\AppData\Local\Temp/cccZo3Ok.s:5      *ABS*:00000034 __CCP__
C:\Users\Ryan\AppData\Local\Temp/cccZo3Ok.s:6      *ABS*:00000000 __tmp_reg__
C:\Users\Ryan\AppData\Local\Temp/cccZo3Ok.s:7      *ABS*:00000001 __zero_reg__
C:\Users\Ryan\AppData\Local\Temp/cccZo3Ok.s:21     .text.USB_Device_SendRemoteWakeup:00000000 USB_Device_SendRemoteWakeup

UNDEFINED SYMBOLS
__do_copy_data
__do_clear_bss
